[debug] [2020-03-03T00:40:48.534Z] ----------------------------------------------------------------------
[debug] [2020-03-03T00:40:48.540Z] Command:       C:\Program Files\nodejs\node.exe C:\Users\mauma\AppData\Roaming\npm\node_modules\firebase-tools\lib\bin\firebase.js serve
[debug] [2020-03-03T00:40:48.540Z] CLI Version:   7.14.0
[debug] [2020-03-03T00:40:48.540Z] Platform:      win32
[debug] [2020-03-03T00:40:48.540Z] Node Version:  v12.5.0
[debug] [2020-03-03T00:40:48.542Z] Time:          Mon Mar 02 2020 21:40:48 GMT-0300 (GMT-03:00)
[debug] [2020-03-03T00:40:48.542Z] ----------------------------------------------------------------------
[debug] [2020-03-03T00:40:48.542Z] 
[debug] [2020-03-03T00:40:48.569Z] > command requires scopes: ["email","openid","https://www.googleapis.com/auth/cloudplatformprojects.readonly","https://www.googleapis.com/auth/firebase","https://www.googleapis.com/auth/cloud-platform"]
[debug] [2020-03-03T00:40:48.571Z] > authorizing via signed-in user
[debug] [2020-03-03T00:40:48.571Z] [iam] checking project cadastrofirebase-mauricio for permissions ["firebase.projects.get"]
[debug] [2020-03-03T00:40:48.575Z] >>> HTTP REQUEST POST https://cloudresourcemanager.googleapis.com/v1/projects/cadastrofirebase-mauricio:testIamPermissions  

[debug] [2020-03-03T00:40:49.854Z] <<< HTTP RESPONSE 200
[debug] [2020-03-03T00:40:49.860Z] >>> HTTP REQUEST GET https://firebase.googleapis.com/v1beta1/projects/cadastrofirebase-mauricio  
 
[debug] [2020-03-03T00:40:51.382Z] <<< HTTP RESPONSE 200
[info] 
[info] === Serving from 'C:\Users\mauma\Mauricio-Apps\reactjsfirebase'...
[info] 
[debug] [2020-03-03T00:40:51.410Z] >>> HTTP REQUEST GET https://firebase.googleapis.com/v1beta1/projects/cadastrofirebase-mauricio/webApps/-/config  
 
[debug] [2020-03-03T00:40:52.916Z] <<< HTTP RESPONSE 200
[info] +  hosting: Local server: http://localhost:5000
